kotlin version: 2.0.21
error message: org.jetbrains.kotlin.backend.common.BackendException: Backend Internal error: Exception during IR lowering
File being compiled: C:/Users/AK/AndroidStudioProjects/CodeAlpha_FlashcardQuizApp/app/src/main/java/com/example/flashcardquicapp/MainActivity.kt
The root cause java.lang.RuntimeException was thrown at: org.jetbrains.kotlin.backend.jvm.codegen.FunctionCodegen.generate(FunctionCodegen.kt:47)
	at org.jetbrains.kotlin.backend.common.CodegenUtil.reportBackendException(CodegenUtil.kt:253)
	at org.jetbrains.kotlin.backend.common.CodegenUtil.reportBackendException$default(CodegenUtil.kt:236)
	at org.jetbrains.kotlin.backend.common.phaser.PerformByIrFilePhase.invokeSequential(performByIrFile.kt:65)
	at org.jetbrains.kotlin.backend.common.phaser.PerformByIrFilePhase.invoke(performByIrFile.kt:52)
	at org.jetbrains.kotlin.backend.common.phaser.PerformByIrFilePhase.invoke(performByIrFile.kt:38)
	at org.jetbrains.kotlin.backend.common.phaser.NamedCompilerPhase.phaseBody(CompilerPhase.kt:166)
	at org.jetbrains.kotlin.backend.common.phaser.AbstractNamedCompilerPhase.invoke(CompilerPhase.kt:113)
	at org.jetbrains.kotlin.backend.common.phaser.CompositePhase.invoke(PhaseBuilders.kt:27)
	at org.jetbrains.kotlin.backend.common.phaser.CompositePhase.invoke(PhaseBuilders.kt:14)
	at org.jetbrains.kotlin.backend.common.phaser.NamedCompilerPhase.phaseBody(CompilerPhase.kt:166)
	at org.jetbrains.kotlin.backend.common.phaser.AbstractNamedCompilerPhase.invoke(CompilerPhase.kt:113)
	at org.jetbrains.kotlin.backend.common.phaser.CompilerPhaseKt.invokeToplevel(CompilerPhase.kt:62)
	at org.jetbrains.kotlin.backend.jvm.JvmIrCodegenFactory.invokeCodegen(JvmIrCodegenFactory.kt:371)
	at org.jetbrains.kotlin.codegen.CodegenFactory.generateModule(CodegenFactory.kt:47)
	at org.jetbrains.kotlin.backend.jvm.JvmIrCodegenFactory.generateModuleInFrontendIRMode(JvmIrCodegenFactory.kt:433)
	at org.jetbrains.kotlin.cli.jvm.compiler.pipeline.JvmCompilerPipelineKt.generateCodeFromIr(jvmCompilerPipeline.kt:246)
	at org.jetbrains.kotlin.cli.jvm.compiler.pipeline.JvmCompilerPipelineKt.compileModulesUsingFrontendIrAndLightTree(jvmCompilerPipeline.kt:142)
	at org.jetbrains.kotlin.cli.jvm.K2JVMCompiler.doExecute(K2JVMCompiler.kt:148)
	at org.jetbrains.kotlin.cli.jvm.K2JVMCompiler.doExecute(K2JVMCompiler.kt:43)
	at org.jetbrains.kotlin.cli.common.CLICompiler.execImpl(CLICompiler.kt:103)
	at org.jetbrains.kotlin.cli.common.CLICompiler.execImpl(CLICompiler.kt:49)
	at org.jetbrains.kotlin.cli.common.CLITool.exec(CLITool.kt:101)
	at org.jetbrains.kotlin.incremental.IncrementalJvmCompilerRunner.runCompiler(IncrementalJvmCompilerRunner.kt:464)
	at org.jetbrains.kotlin.incremental.IncrementalJvmCompilerRunner.runCompiler(IncrementalJvmCompilerRunner.kt:73)
	at org.jetbrains.kotlin.incremental.IncrementalCompilerRunner.doCompile(IncrementalCompilerRunner.kt:506)
	at org.jetbrains.kotlin.incremental.IncrementalCompilerRunner.compileImpl(IncrementalCompilerRunner.kt:423)
	at org.jetbrains.kotlin.incremental.IncrementalCompilerRunner.compileNonIncrementally(IncrementalCompilerRunner.kt:301)
	at org.jetbrains.kotlin.incremental.IncrementalCompilerRunner.compile(IncrementalCompilerRunner.kt:129)
	at org.jetbrains.kotlin.daemon.CompileServiceImplBase.execIncrementalCompiler(CompileServiceImpl.kt:675)
	at org.jetbrains.kotlin.daemon.CompileServiceImplBase.access$execIncrementalCompiler(CompileServiceImpl.kt:92)
	at org.jetbrains.kotlin.daemon.CompileServiceImpl.compile(CompileServiceImpl.kt:1660)
	at java.base/jdk.internal.reflect.DirectMethodHandleAccessor.invoke(Unknown Source)
	at java.base/java.lang.reflect.Method.invoke(Unknown Source)
	at java.rmi/sun.rmi.server.UnicastServerRef.dispatch(Unknown Source)
	at java.rmi/sun.rmi.transport.Transport$1.run(Unknown Source)
	at java.rmi/sun.rmi.transport.Transport$1.run(Unknown Source)
	at java.base/java.security.AccessController.doPrivileged(Unknown Source)
	at java.rmi/sun.rmi.transport.Transport.serviceCall(Unknown Source)
	at java.rmi/sun.rmi.transport.tcp.TCPTransport.handleMessages(Unknown Source)
	at java.rmi/sun.rmi.transport.tcp.TCPTransport$ConnectionHandler.run0(Unknown Source)
	at java.rmi/sun.rmi.transport.tcp.TCPTransport$ConnectionHandler.lambda$run$0(Unknown Source)
	at java.base/java.security.AccessController.doPrivileged(Unknown Source)
	at java.rmi/sun.rmi.transport.tcp.TCPTransport$ConnectionHandler.run(Unknown Source)
	at java.base/java.util.concurrent.ThreadPoolExecutor.runWorker(Unknown Source)
	at java.base/java.util.concurrent.ThreadPoolExecutor$Worker.run(Unknown Source)
	at java.base/java.lang.Thread.run(Unknown Source)
Caused by: java.lang.RuntimeException: Exception while generating code for:
FUN LOCAL_FUNCTION_FOR_LAMBDA name:onCreate$lambda$5 visibility:private modality:FINAL <> ($factory:com.example.flashcardquicapp.viewmodel.FlashcardViewModelFactory) returnType:kotlin.Unit?
  VALUE_PARAMETER BOUND_VALUE_PARAMETER name:$factory index:0 type:com.example.flashcardquicapp.viewmodel.FlashcardViewModelFactory
  BLOCK_BODY
    VAR name:viewModel type:com.example.flashcardquicapp.viewmodel.FlashcardViewModel [val]
      TYPE_OP type=com.example.flashcardquicapp.viewmodel.FlashcardViewModel origin=IMPLICIT_CAST typeOperand=com.example.flashcardquicapp.viewmodel.FlashcardViewModel
        CALL 'public final fun viewModel$default <VM> (viewModelStoreOwner: androidx.lifecycle.ViewModelStoreOwner?, key: kotlin.String?, factory: androidx.lifecycle.ViewModelProvider.Factory?, extras: androidx.lifecycle.viewmodel.CreationExtras?, $mask0: kotlin.Int, $handler: kotlin.Any?): VM of androidx.lifecycle.viewmodel.compose.ViewModelKt.viewModel$default [inline] declared in androidx.lifecycle.viewmodel.compose.ViewModelKt' type=VM of androidx.lifecycle.viewmodel.compose.ViewModelKt.viewModel$default origin=DEFAULT_DISPATCH_CALL
          <VM>: com.example.flashcardquicapp.viewmodel.FlashcardViewModel
          viewModelStoreOwner: COMPOSITE type=androidx.lifecycle.ViewModelStoreOwner? origin=DEFAULT_VALUE
            CONST Null type=androidx.lifecycle.ViewModelStoreOwner? value=null
          key: COMPOSITE type=kotlin.String? origin=DEFAULT_VALUE
            CONST Null type=kotlin.String? value=null
          factory: GET_VAR '$factory: com.example.flashcardquicapp.viewmodel.FlashcardViewModelFactory declared in com.example.flashcardquicapp.MainActivity.onCreate$lambda$5' type=com.example.flashcardquicapp.viewmodel.FlashcardViewModelFactory origin=null
          extras: COMPOSITE type=androidx.lifecycle.viewmodel.CreationExtras? origin=DEFAULT_VALUE
            CONST Null type=androidx.lifecycle.viewmodel.CreationExtras? value=null
          $mask0: CONST Int type=kotlin.Int value=11
          $handler: CONST Null type=kotlin.Any? value=null
    VAR name:navController type:androidx.navigation.NavHostController [val]
      CALL 'public final fun rememberNavController (vararg navigators: androidx.navigation.Navigator<out androidx.navigation.NavDestination>): androidx.navigation.NavHostController declared in androidx.navigation.compose.NavHostControllerKt' type=androidx.navigation.NavHostController origin=null
        navigators: CALL 'public final fun arrayOfNulls <T> (size: kotlin.Int): kotlin.Array<T of kotlin.arrayOfNulls?> declared in kotlin' type=kotlin.Array<out androidx.navigation.Navigator<out androidx.navigation.NavDestination>> origin=null
          <T>: androidx.navigation.Navigator<out androidx.navigation.NavDestination>
          size: CONST Int type=kotlin.Int value=0
    CALL 'public final fun NavHost$default (navController: androidx.navigation.NavHostController, startDestination: kotlin.String, modifier: androidx.compose.ui.Modifier?, contentAlignment: androidx.compose.ui.Alignment?, route: kotlin.String?, enterTransition: @[ExtensionFunctionType] kotlin.Function1<androidx.compose.animation.AnimatedContentTransitionScope<androidx.navigation.NavBackStackEntry>, androidx.compose.animation.EnterTransition>?, exitTransition: @[ExtensionFunctionType] kotlin.Function1<androidx.compose.animation.AnimatedContentTransitionScope<androidx.navigation.NavBackStackEntry>, androidx.compose.animation.ExitTransition>?, popEnterTransition: @[ExtensionFunctionType] kotlin.Function1<androidx.compose.animation.AnimatedContentTransitionScope<androidx.navigation.NavBackStackEntry>, androidx.compose.animation.EnterTransition>?, popExitTransition: @[ExtensionFunctionType] kotlin.Function1<androidx.compose.animation.AnimatedContentTransitionScope<androidx.navigation.NavBackStackEntry>, androidx.compose.animation.ExitTransition>?, builder: @[ExtensionFunctionType] kotlin.Function1<androidx.navigation.NavGraphBuilder, kotlin.Unit>, $mask0: kotlin.Int, $handler: kotlin.Any?): kotlin.Unit declared in androidx.navigation.compose.NavHostKt' type=kotlin.Unit origin=DEFAULT_DISPATCH_CALL
      navController: GET_VAR 'val navController: androidx.navigation.NavHostController [val] declared in com.example.flashcardquicapp.MainActivity.onCreate$lambda$5' type=androidx.navigation.NavHostController origin=null
      startDestination: CONST String type=kotlin.String value="main"
      modifier: COMPOSITE type=androidx.compose.ui.Modifier? origin=DEFAULT_VALUE
        CONST Null type=androidx.compose.ui.Modifier? value=null
      contentAlignment: COMPOSITE type=androidx.compose.ui.Alignment? origin=DEFAULT_VALUE
        CONST Null type=androidx.compose.ui.Alignment? value=null
      route: COMPOSITE type=kotlin.String? origin=DEFAULT_VALUE
        CONST Null type=kotlin.String? value=null
      enterTransition: COMPOSITE type=@[ExtensionFunctionType] kotlin.Function1<androidx.compose.animation.AnimatedContentTransitionScope<androidx.navigation.NavBackStackEntry>, androidx.compose.animation.EnterTransition>? origin=DEFAULT_VALUE
        CONST Null type=@[ExtensionFunctionType] kotlin.Function1<androidx.compose.animation.AnimatedContentTransitionScope<androidx.navigation.NavBackStackEntry>, androidx.compose.animation.EnterTransition>? value=null
      exitTransition: COMPOSITE type=@[ExtensionFunctionType] kotlin.Function1<androidx.compose.animation.AnimatedContentTransitionScope<androidx.navigation.NavBackStackEntry>, androidx.compose.animation.ExitTransition>? origin=DEFAULT_VALUE
        CONST Null type=@[ExtensionFunctionType] kotlin.Function1<androidx.compose.animation.AnimatedContentTransitionScope<androidx.navigation.NavBackStackEntry>, androidx.compose.animation.ExitTransition>? value=null
      popEnterTransition: COMPOSITE type=@[ExtensionFunctionType] kotlin.Function1<androidx.compose.animation.AnimatedContentTransitionScope<androidx.navigation.NavBackStackEntry>, androidx.compose.animation.EnterTransition>? origin=DEFAULT_VALUE
        CONST Null type=@[ExtensionFunctionType] kotlin.Function1<androidx.compose.animation.AnimatedContentTransitionScope<androidx.navigation.NavBackStackEntry>, androidx.compose.animation.EnterTransition>? value=null
      popExitTransition: COMPOSITE type=@[ExtensionFunctionType] kotlin.Function1<androidx.compose.animation.AnimatedContentTransitionScope<androidx.navigation.NavBackStackEntry>, androidx.compose.animation.ExitTransition>? origin=DEFAULT_VALUE
        CONST Null type=@[ExtensionFunctionType] kotlin.Function1<androidx.compose.animation.AnimatedContentTransitionScope<androidx.navigation.NavBackStackEntry>, androidx.compose.animation.ExitTransition>? value=null
      builder: BLOCK type=@[ExtensionFunctionType] kotlin.Function1<androidx.navigation.NavGraphBuilder, kotlin.Unit> origin=LAMBDA
        COMPOSITE type=kotlin.Unit origin=null
        CALL 'public final fun <jvm-indy> <T> (dynamicCall: T of kotlin.jvm.internal.<jvm-indy>, bootstrapMethodHandle: kotlin.Any, vararg bootstrapMethodArguments: kotlin.Any): T of kotlin.jvm.internal.<jvm-indy> declared in kotlin.jvm.internal' type=@[ExtensionFunctionType] kotlin.Function1<androidx.navigation.NavGraphBuilder, kotlin.Unit> origin=null
          <T>: @[ExtensionFunctionType] kotlin.Function1<androidx.navigation.NavGraphBuilder, kotlin.Unit>
          dynamicCall: CALL 'public final fun invoke (p0: com.example.flashcardquicapp.viewmodel.FlashcardViewModel, p1: androidx.navigation.NavHostController): @[ExtensionFunctionType] kotlin.Function1<androidx.navigation.NavGraphBuilder, kotlin.Unit> declared in kotlin.jvm.internal.invokeDynamic' type=@[ExtensionFunctionType] kotlin.Function1<androidx.navigation.NavGraphBuilder, kotlin.Unit> origin=null
            p0: GET_VAR 'val viewModel: com.example.flashcardquicapp.viewmodel.FlashcardViewModel [val] declared in com.example.flashcardquicapp.MainActivity.onCreate$lambda$5' type=com.example.flashcardquicapp.viewmodel.FlashcardViewModel origin=null
            p1: GET_VAR 'val navController: androidx.navigation.NavHostController [val] declared in com.example.flashcardquicapp.MainActivity.onCreate$lambda$5' type=androidx.navigation.NavHostController origin=null
          bootstrapMethodHandle: CALL 'public final fun <jvm-method-handle> (tag: kotlin.Int, owner: kotlin.String, name: kotlin.String, descriptor: kotlin.String, isInterface: kotlin.Boolean): kotlin.Any declared in kotlin.jvm.internal' type=kotlin.Any origin=null
            tag: CONST Int type=kotlin.Int value=6
            owner: CONST String type=kotlin.String value="java/lang/invoke/LambdaMetafactory"
            name: CONST String type=kotlin.String value="metafactory"
            descriptor: CONST String type=kotlin.String value="(Ljava/lang/invoke/MethodHandles$Lookup;Ljava/lang/String;Ljava/lang/invoke/MethodType;Ljava/lang/invoke/MethodType;Ljava/lang/invoke/MethodHandle;Ljava/lang/invoke/MethodType;)Ljava/lang/invoke/CallSite;"
            isInterface: CONST Boolean type=kotlin.Boolean value=false
          bootstrapMethodArguments: VARARG type=kotlin.Array<kotlin.Any> varargElementType=kotlin.Any
            CALL 'public final fun <jvm-original-method-type> (method: kotlin.Any): kotlin.Any declared in kotlin.jvm.internal' type=kotlin.Any origin=null
              method: RAW_FUNCTION_REFERENCE 'public abstract fun invoke (p1: P1 of kotlin.Function1): R of kotlin.Function1 [operator] declared in kotlin.Function1' type=kotlin.Any
            RAW_FUNCTION_REFERENCE 'private final fun onCreate$lambda$5$lambda$4 ($viewModel: com.example.flashcardquicapp.viewmodel.FlashcardViewModel, $navController: androidx.navigation.NavHostController, $this$NavHost: androidx.navigation.NavGraphBuilder): kotlin.Unit? declared in com.example.flashcardquicapp.MainActivity' type=kotlin.Any
            CALL 'public final fun <jvm-original-method-type> (method: kotlin.Any): kotlin.Any declared in kotlin.jvm.internal' type=kotlin.Any origin=null
              method: RAW_FUNCTION_REFERENCE 'public abstract fun invoke (p1: androidx.navigation.NavGraphBuilder): kotlin.Unit? [fake_override,operator] declared in kotlin.jvm.internal.invokeDynamic.<fake>' type=kotlin.Any
      $mask0: CONST Int type=kotlin.Int value=508
      $handler: CONST Null type=kotlin.Any? value=null

	at org.jetbrains.kotlin.backend.jvm.codegen.FunctionCodegen.generate(FunctionCodegen.kt:47)
	at org.jetbrains.kotlin.backend.jvm.codegen.FunctionCodegen.generate$default(FunctionCodegen.kt:40)
	at org.jetbrains.kotlin.backend.jvm.codegen.ClassCodegen.generateMethodNode(ClassCodegen.kt:406)
	at org.jetbrains.kotlin.backend.jvm.codegen.ClassCodegen.generateMethod(ClassCodegen.kt:423)
	at org.jetbrains.kotlin.backend.jvm.codegen.ClassCodegen.generate(ClassCodegen.kt:168)
	at org.jetbrains.kotlin.backend.jvm.FileCodegen.lower(JvmPhases.kt:39)
	at org.jetbrains.kotlin.backend.common.phaser.PhaseFactoriesKt.createFilePhase$lambda$4(PhaseFactories.kt:71)
	at org.jetbrains.kotlin.backend.common.phaser.PhaseBuildersKt$createSimpleNamedCompilerPhase$1.phaseBody(PhaseBuilders.kt:69)
	at org.jetbrains.kotlin.backend.common.phaser.SimpleNamedCompilerPhase.phaseBody(CompilerPhase.kt:226)
	at org.jetbrains.kotlin.backend.common.phaser.AbstractNamedCompilerPhase.invoke(CompilerPhase.kt:113)
	at org.jetbrains.kotlin.backend.common.phaser.PerformByIrFilePhase.invokeSequential(performByIrFile.kt:62)
	... 43 more
Caused by: org.jetbrains.kotlin.codegen.CompilationException: Back-end (JVM) Internal error: Couldn't inline method call: CALL 'public final fun viewModel$default <VM> (viewModelStoreOwner: androidx.lifecycle.ViewModelStoreOwner?, key: kotlin.String?, factory: androidx.lifecycle.ViewModelProvider.Factory?, extras: androidx.lifecycle.viewmodel.CreationExtras?, $mask0: kotlin.Int, $handler: kotlin.Any?): VM of androidx.lifecycle.viewmodel.compose.ViewModelKt.viewModel$default [inline] declared in androidx.lifecycle.viewmodel.compose.ViewModelKt' type=VM of androidx.lifecycle.viewmodel.compose.ViewModelKt.viewModel$default origin=DEFAULT_DISPATCH_CALL
Method: null
File is unknown
The root cause java.lang.IllegalStateException was thrown at: org.jetbrains.kotlin.codegen.inline.SourceCompilerForInlineKt.getMethodNode(SourceCompilerForInline.kt:118)
	at org.jetbrains.kotlin.codegen.inline.InlineCodegen.performInline(InlineCodegen.kt:65)
	at org.jetbrains.kotlin.backend.jvm.codegen.IrInlineCodegen.genInlineCall(IrInlineCodegen.kt:163)
	at org.jetbrains.kotlin.backend.jvm.codegen.IrInlineCallGenerator.genCall(IrInlineCallGenerator.kt:36)
	at org.jetbrains.kotlin.backend.jvm.codegen.ExpressionCodegen.visitCall(ExpressionCodegen.kt:653)
	at org.jetbrains.kotlin.backend.jvm.codegen.ExpressionCodegen.visitCall(ExpressionCodegen.kt:138)
	at org.jetbrains.kotlin.ir.expressions.IrCall.accept(IrCall.kt:24)
	at org.jetbrains.kotlin.backend.jvm.codegen.ExpressionCodegen.visitTypeOperator(ExpressionCodegen.kt:1127)
	at org.jetbrains.kotlin.backend.jvm.codegen.ExpressionCodegen.visitTypeOperator(ExpressionCodegen.kt:138)
	at org.jetbrains.kotlin.ir.expressions.IrTypeOperatorCall.accept(IrTypeOperatorCall.kt:26)
	at org.jetbrains.kotlin.backend.jvm.codegen.ExpressionCodegen.visitVariable(ExpressionCodegen.kt:790)
	at org.jetbrains.kotlin.backend.jvm.codegen.ExpressionCodegen.visitVariable(ExpressionCodegen.kt:138)
	at org.jetbrains.kotlin.ir.declarations.IrVariable.accept(IrVariable.kt:36)
	at org.jetbrains.kotlin.backend.jvm.codegen.ExpressionCodegen.visitStatementContainer(ExpressionCodegen.kt:579)
	at org.jetbrains.kotlin.backend.jvm.codegen.ExpressionCodegen.visitBlockBody(ExpressionCodegen.kt:584)
	at org.jetbrains.kotlin.backend.jvm.codegen.ExpressionCodegen.visitBlockBody(ExpressionCodegen.kt:138)
	at org.jetbrains.kotlin.ir.expressions.IrBlockBody.accept(IrBlockBody.kt:20)
	at org.jetbrains.kotlin.backend.jvm.codegen.ExpressionCodegen.generate(ExpressionCodegen.kt:240)
	at org.jetbrains.kotlin.backend.jvm.codegen.FunctionCodegen.doGenerate(FunctionCodegen.kt:123)
	at org.jetbrains.kotlin.backend.jvm.codegen.FunctionCodegen.generate(FunctionCodegen.kt:44)
	... 53 more
Caused by: java.lang.IllegalStateException: couldn't find inline method Landroidx/lifecycle/viewmodel/compose/ViewModelKt__ViewModelKt;.viewModel$default(Landroidx/lifecycle/ViewModelStoreOwner;Ljava/lang/String;Landroidx/lifecycle/ViewModelProvider$Factory;Landroidx/lifecycle/viewmodel/CreationExtras;ILjava/lang/Object;)Landroidx/lifecycle/ViewModel;
	at org.jetbrains.kotlin.codegen.inline.SourceCompilerForInlineKt.getMethodNode(SourceCompilerForInline.kt:118)
	at org.jetbrains.kotlin.codegen.inline.SourceCompilerForInlineKt.loadCompiledInlineFunction(SourceCompilerForInline.kt:96)
	at org.jetbrains.kotlin.backend.jvm.codegen.IrSourceCompilerForInline.compileInlineFunction(IrSourceCompilerForInline.kt:91)
	at org.jetbrains.kotlin.codegen.inline.InlineCodegen.compileInline(InlineCodegen.kt:43)
	at org.jetbrains.kotlin.codegen.inline.InlineCodegen.performInline(InlineCodegen.kt:51)
	... 71 more


